SF:lib/data/datasources/tv_remote_data_source.dart
DA:30,1
DA:32,1
DA:35,3
DA:37,2
DA:38,4
DA:40,1
DA:44,1
DA:46,4
DA:48,2
DA:49,3
DA:51,1
DA:55,1
DA:57,1
DA:58,3
DA:60,2
DA:61,4
DA:63,1
DA:67,1
DA:70,3
DA:72,2
DA:73,4
DA:75,1
DA:79,1
DA:82,3
DA:84,2
DA:85,4
DA:87,1
DA:91,1
DA:93,1
DA:94,3
DA:96,2
DA:97,4
DA:99,1
LF:33
LH:33
end_of_record
SF:lib/data/models/tv_detail_model.dart
DA:7,2
DA:43,1
DA:44,1
DA:45,1
DA:46,1
DA:47,1
DA:48,4
DA:49,1
DA:50,1
DA:51,1
DA:52,1
DA:53,1
DA:54,2
DA:55,1
DA:56,1
DA:57,1
DA:58,1
DA:59,2
DA:60,1
DA:61,1
DA:64,0
DA:65,0
DA:66,0
DA:67,0
DA:68,0
DA:69,0
DA:70,0
DA:71,0
DA:72,0
DA:73,0
DA:74,0
DA:75,0
DA:76,0
DA:77,0
DA:78,0
DA:79,0
DA:80,0
DA:83,1
DA:84,1
DA:85,1
DA:86,1
DA:87,5
DA:88,1
DA:89,1
DA:90,1
DA:91,1
DA:92,1
DA:93,1
DA:94,1
DA:95,1
DA:99,1
DA:101,1
DA:102,1
DA:103,1
DA:104,1
DA:105,1
DA:106,1
DA:107,1
DA:108,1
DA:109,1
DA:110,1
DA:111,1
DA:112,1
DA:113,1
DA:114,1
DA:115,1
DA:116,1
DA:117,1
LF:68
LH:51
end_of_record
SF:lib/data/models/tv_response.dart
DA:8,2
DA:10,4
DA:11,4
DA:12,6
DA:13,6
DA:16,2
DA:17,5
DA:20,1
DA:21,2
LF:9
LH:9
end_of_record
SF:lib/utils/exception.dart
DA:6,4
LF:1
LH:1
end_of_record
SF:lib/data/datasources/db/database_helper.dart
DA:12,0
DA:16,0
DA:20,0
DA:22,0
DA:30,0
DA:31,0
DA:32,0
DA:34,0
DA:37,0
DA:38,0
DA:43,0
DA:44,0
DA:52,0
DA:62,0
DA:63,0
DA:64,0
DA:67,0
DA:68,0
DA:69,0
DA:72,0
DA:76,0
DA:77,0
DA:78,0
DA:81,0
DA:84,0
DA:85,0
DA:91,0
DA:92,0
DA:94,0
DA:99,0
DA:100,0
DA:101,0
DA:104,0
DA:105,0
DA:106,0
DA:109,0
DA:113,0
DA:114,0
DA:115,0
DA:118,0
DA:121,0
DA:122,0
DA:128,0
DA:129,0
DA:130,0
LF:45
LH:0
end_of_record
SF:lib/data/datasources/movie_local_data_source.dart
DA:17,1
DA:19,1
DA:22,2
DA:25,2
DA:29,1
DA:32,2
DA:35,2
DA:39,1
DA:41,2
DA:43,1
DA:49,1
DA:51,2
DA:52,4
LF:13
LH:13
end_of_record
SF:lib/data/datasources/movie_remote_data_source.dart
DA:30,1
DA:32,1
DA:35,3
DA:37,2
DA:38,4
DA:40,1
DA:44,1
DA:47,4
DA:49,2
DA:50,3
DA:52,1
DA:56,1
DA:58,1
DA:59,3
DA:61,2
DA:62,4
DA:64,1
DA:68,1
DA:71,3
DA:73,2
DA:74,4
DA:76,1
DA:80,1
DA:83,3
DA:85,2
DA:86,4
DA:88,1
DA:92,1
DA:94,1
DA:95,3
DA:97,2
DA:98,4
DA:100,1
LF:33
LH:33
end_of_record
SF:lib/data/datasources/tv_local_data_source.dart
DA:17,1
DA:19,1
DA:22,2
DA:25,2
DA:29,1
DA:32,2
DA:35,2
DA:39,1
DA:41,2
DA:43,1
DA:49,1
DA:51,2
DA:52,4
LF:13
LH:13
end_of_record
SF:lib/data/models/movie_detail_model.dart
DA:7,2
DA:53,1
DA:54,1
DA:55,1
DA:56,1
DA:57,1
DA:58,1
DA:59,4
DA:60,1
DA:61,1
DA:62,1
DA:63,1
DA:64,1
DA:65,1
DA:66,2
DA:67,1
DA:68,1
DA:69,1
DA:70,1
DA:71,1
DA:72,1
DA:73,1
DA:74,1
DA:75,2
DA:76,1
DA:79,0
DA:80,0
DA:81,0
DA:82,0
DA:83,0
DA:84,0
DA:85,0
DA:86,0
DA:87,0
DA:88,0
DA:89,0
DA:90,0
DA:91,0
DA:92,0
DA:93,0
DA:94,0
DA:95,0
DA:96,0
DA:97,0
DA:98,0
DA:99,0
DA:100,0
DA:103,1
DA:104,1
DA:105,1
DA:106,1
DA:107,5
DA:108,1
DA:109,1
DA:110,1
DA:111,1
DA:112,1
DA:113,1
DA:114,1
DA:115,1
DA:116,1
DA:120,1
DA:122,1
DA:123,1
DA:124,1
DA:125,1
DA:126,1
DA:127,1
DA:128,1
DA:129,1
DA:130,1
DA:131,1
DA:132,1
DA:133,1
DA:134,1
DA:135,1
DA:136,1
DA:137,1
DA:138,1
DA:139,1
DA:140,1
DA:141,1
DA:142,1
DA:143,1
LF:84
LH:62
end_of_record
SF:lib/data/models/movie_model.dart
DA:6,4
DA:36,4
DA:37,2
DA:38,2
DA:39,8
DA:40,2
DA:41,2
DA:42,2
DA:43,4
DA:44,2
DA:45,2
DA:46,2
DA:47,2
DA:48,4
DA:49,2
DA:52,2
DA:53,1
DA:54,1
DA:55,4
DA:56,1
DA:57,1
DA:58,1
DA:59,1
DA:60,1
DA:61,1
DA:62,1
DA:63,1
DA:64,1
DA:65,1
DA:68,2
DA:69,2
DA:70,2
DA:71,2
DA:72,2
DA:73,2
DA:74,2
DA:75,2
DA:76,2
DA:77,2
DA:78,2
DA:79,2
DA:80,2
DA:81,2
DA:82,2
DA:86,2
DA:87,2
DA:88,2
DA:89,2
DA:90,2
DA:91,2
DA:92,2
DA:93,2
DA:94,2
DA:95,2
DA:96,2
DA:97,2
DA:98,2
DA:99,2
DA:100,2
LF:59
LH:59
end_of_record
SF:lib/data/models/movie_table.dart
DA:11,2
DA:18,2
DA:19,1
DA:20,1
DA:21,1
DA:22,1
DA:25,2
DA:26,1
DA:27,1
DA:28,1
DA:29,1
DA:32,0
DA:33,0
DA:34,0
DA:35,0
DA:36,0
DA:39,2
DA:40,1
DA:41,1
DA:42,1
DA:43,1
DA:46,2
DA:48,10
LF:23
LH:18
end_of_record
SF:lib/data/models/tv_model.dart
DA:5,4
DA:33,4
DA:34,2
DA:35,2
DA:36,8
DA:37,2
DA:38,2
DA:39,2
DA:40,4
DA:41,2
DA:42,2
DA:43,2
DA:44,4
DA:45,2
DA:48,2
DA:49,1
DA:50,1
DA:51,4
DA:52,1
DA:53,1
DA:54,1
DA:55,1
DA:56,1
DA:57,1
DA:58,1
DA:59,1
DA:60,1
DA:63,2
DA:64,2
DA:65,2
DA:66,2
DA:67,2
DA:68,2
DA:69,2
DA:70,2
DA:71,2
DA:72,2
DA:73,2
DA:74,2
DA:75,2
DA:76,2
DA:80,2
DA:81,2
DA:82,2
DA:83,2
DA:84,2
DA:85,2
DA:86,2
DA:87,2
DA:88,2
DA:89,2
DA:90,2
DA:91,2
DA:92,2
DA:93,2
LF:55
LH:55
end_of_record
SF:lib/data/models/tv_table.dart
DA:12,2
DA:19,2
DA:20,1
DA:21,1
DA:22,1
DA:23,1
DA:26,2
DA:27,1
DA:28,1
DA:29,1
DA:30,1
DA:33,0
DA:34,0
DA:35,0
DA:36,0
DA:37,0
DA:40,2
DA:41,1
DA:42,1
DA:43,1
DA:44,1
DA:47,2
DA:49,10
LF:23
LH:18
end_of_record
SF:lib/domain/entities/movie.dart
DA:4,9
DA:20,2
DA:41,3
DA:42,3
DA:43,3
DA:44,3
DA:45,3
DA:46,3
DA:47,3
DA:48,3
DA:49,3
DA:50,3
DA:51,3
DA:52,3
DA:53,3
DA:54,3
DA:55,3
LF:17
LH:17
end_of_record
SF:lib/domain/entities/movie_detail.dart
DA:6,6
DA:34,1
DA:35,1
DA:36,1
DA:37,1
DA:38,1
DA:39,1
DA:40,1
DA:41,1
DA:42,1
DA:43,1
DA:44,1
DA:45,1
DA:46,1
LF:14
LH:14
end_of_record
SF:lib/domain/entities/tv.dart
DA:4,8
DA:19,2
DA:39,3
DA:40,3
DA:41,3
DA:42,3
DA:43,3
DA:44,3
DA:45,3
DA:46,3
DA:47,3
DA:48,3
DA:49,3
DA:50,3
DA:51,3
DA:52,3
LF:16
LH:16
end_of_record
SF:lib/domain/entities/tv_detail.dart
DA:6,5
DA:32,1
DA:33,1
DA:34,1
DA:35,1
DA:36,1
DA:37,1
DA:38,1
DA:39,1
DA:40,1
DA:41,1
DA:42,1
DA:43,1
DA:44,1
LF:14
LH:14
end_of_record
SF:lib/utils/failure.dart
DA:6,14
DA:8,2
DA:9,4
DA:13,28
DA:17,4
DA:21,4
LF:6
LH:6
end_of_record
SF:lib/utils/encrypt.dart
DA:3,0
DA:4,0
DA:5,0
DA:7,0
DA:9,0
DA:11,0
LF:6
LH:0
end_of_record
SF:lib/data/models/movie_response.dart
DA:8,2
DA:10,4
DA:11,4
DA:12,6
DA:13,6
DA:16,2
DA:17,5
DA:20,1
DA:21,2
LF:9
LH:9
end_of_record
SF:lib/data/models/genre_model.dart
DA:6,4
DA:14,4
DA:15,2
DA:16,2
DA:19,0
DA:20,0
DA:21,0
DA:24,2
DA:25,6
DA:28,2
DA:29,6
LF:11
LH:8
end_of_record
SF:lib/domain/entities/genre.dart
DA:4,11
DA:12,2
DA:13,6
LF:3
LH:3
end_of_record
SF:lib/data/repositories/movie_repository_impl.dart
DA:19,1
DA:24,1
DA:27,2
DA:28,5
DA:29,1
DA:30,2
DA:31,1
DA:32,2
DA:36,1
DA:39,2
DA:40,2
DA:41,1
DA:42,2
DA:43,1
DA:44,2
DA:48,1
DA:51,2
DA:52,3
DA:53,1
DA:54,2
DA:55,1
DA:56,2
DA:60,1
DA:63,2
DA:64,5
DA:65,1
DA:66,2
DA:67,1
DA:68,2
DA:72,1
DA:75,2
DA:76,5
DA:77,1
DA:78,2
DA:79,1
DA:80,2
DA:84,1
DA:87,2
DA:88,5
DA:89,1
DA:90,2
DA:91,1
DA:92,2
DA:96,1
DA:100,3
DA:101,1
DA:102,1
DA:103,3
DA:109,1
DA:113,3
DA:114,1
DA:115,1
DA:116,3
DA:120,1
DA:122,2
DA:126,1
DA:128,2
DA:129,5
LF:58
LH:58
end_of_record
SF:lib/data/repositories/tv_repository_impl.dart
DA:17,1
DA:22,1
DA:25,2
DA:26,5
DA:27,1
DA:28,2
DA:29,1
DA:30,2
DA:34,1
DA:37,2
DA:38,2
DA:39,1
DA:40,2
DA:41,1
DA:42,2
DA:46,1
DA:49,2
DA:50,3
DA:51,1
DA:52,2
DA:53,1
DA:54,2
DA:58,1
DA:61,2
DA:62,5
DA:63,1
DA:64,2
DA:65,1
DA:66,2
DA:70,1
DA:73,2
DA:74,5
DA:75,1
DA:76,2
DA:77,1
DA:78,2
DA:82,1
DA:85,2
DA:86,5
DA:87,1
DA:88,2
DA:89,1
DA:90,2
DA:94,1
DA:98,3
DA:99,1
DA:100,1
DA:101,3
DA:107,1
DA:111,3
DA:112,1
DA:113,1
DA:114,3
DA:118,1
DA:120,2
DA:124,1
DA:126,2
DA:127,5
LF:58
LH:58
end_of_record
SF:lib/domain/usecases/movie/get_top_rated_movies.dart
DA:11,1
DA:13,1
DA:14,2
LF:3
LH:3
end_of_record
SF:lib/domain/usecases/movie/save_watchlist.dart
DA:11,1
DA:13,1
DA:14,2
LF:3
LH:3
end_of_record
SF:lib/domain/usecases/movie/get_movie_detail.dart
DA:10,1
DA:12,1
DA:13,2
LF:3
LH:3
end_of_record
SF:lib/domain/usecases/tv/get_now_playing_tvs.dart
DA:10,1
DA:12,1
DA:13,2
LF:3
LH:3
end_of_record
SF:lib/domain/usecases/tv/get_popular_tvs.dart
DA:10,1
DA:12,1
DA:13,2
LF:3
LH:3
end_of_record
SF:lib/domain/usecases/tv/get_top_rated_tvs.dart
DA:10,1
DA:12,1
DA:13,2
LF:3
LH:3
end_of_record
SF:lib/domain/usecases/tv/search_tvs.dart
DA:10,1
DA:12,1
DA:13,2
LF:3
LH:3
end_of_record
SF:lib/domain/usecases/tv/get_tv_recommendations.dart
DA:10,1
DA:12,1
DA:13,2
LF:3
LH:3
end_of_record
SF:lib/domain/usecases/tv/get_watchlist_tvs.dart
DA:10,1
DA:12,1
DA:13,2
LF:3
LH:3
end_of_record
SF:lib/domain/usecases/tv/remove_tv_watchlist.dart
DA:10,1
DA:12,1
DA:13,2
LF:3
LH:3
end_of_record
SF:lib/domain/usecases/tv/save_tv_watchlist.dart
DA:11,1
DA:13,1
DA:14,2
LF:3
LH:3
end_of_record
SF:lib/domain/usecases/tv/get_tv_watchlist_status.dart
DA:7,1
DA:9,1
DA:10,2
LF:3
LH:3
end_of_record
SF:lib/domain/usecases/tv/get_tv_detail.dart
DA:10,1
DA:12,1
DA:13,2
LF:3
LH:3
end_of_record
SF:lib/domain/usecases/movie/get_movie_recommendations.dart
DA:9,1
DA:11,1
DA:12,2
LF:3
LH:3
end_of_record
SF:lib/domain/usecases/movie/get_watchlist_movies.dart
DA:11,1
DA:13,1
DA:14,2
LF:3
LH:3
end_of_record
SF:lib/domain/usecases/movie/get_now_playing_movies.dart
DA:11,1
DA:13,1
DA:14,2
LF:3
LH:3
end_of_record
SF:lib/domain/usecases/movie/remove_watchlist.dart
DA:11,1
DA:13,1
DA:14,2
LF:3
LH:3
end_of_record
SF:lib/domain/usecases/movie/get_popular_movies.dart
DA:10,1
DA:12,1
DA:13,2
LF:3
LH:3
end_of_record
SF:lib/domain/usecases/movie/search_movies.dart
DA:11,1
DA:13,1
DA:14,2
LF:3
LH:3
end_of_record
SF:lib/domain/usecases/movie/get_watchlist_status.dart
DA:7,1
DA:9,1
DA:10,2
LF:3
LH:3
end_of_record
SF:lib/presentation/provider/movie/popular_movies_bloc.dart
DA:13,1
DA:14,1
DA:20,2
DA:22,1
DA:23,1
DA:29,2
DA:31,1
DA:32,1
DA:38,3
DA:39,2
DA:40,2
DA:41,2
DA:42,1
DA:43,4
DA:44,3
LF:15
LH:15
end_of_record
SF:lib/presentation/provider/movie/movie_detail_bloc.dart
DA:16,2
DA:22,1
DA:28,1
DA:34,1
DA:40,1
DA:41,1
DA:49,2
DA:51,1
DA:52,1
DA:58,1
DA:60,1
DA:61,1
DA:67,1
DA:69,1
DA:70,1
DA:76,0
DA:78,0
DA:79,0
DA:92,1
DA:98,2
DA:99,2
DA:100,2
DA:102,3
DA:104,3
DA:105,3
DA:106,1
DA:107,1
DA:108,2
DA:110,1
DA:111,1
DA:112,0
DA:113,1
DA:114,1
DA:115,1
DA:116,2
DA:123,2
DA:124,4
DA:125,0
DA:126,0
DA:128,1
DA:129,2
DA:130,4
DA:135,2
DA:136,4
DA:137,0
DA:138,0
DA:140,1
DA:141,2
DA:142,4
DA:147,2
DA:148,3
DA:149,4
LF:52
LH:44
end_of_record
SF:lib/presentation/provider/movie/watchlist_movie_bloc.dart
DA:14,1
DA:15,1
DA:21,1
DA:23,1
DA:24,1
DA:30,1
DA:32,1
DA:33,1
DA:40,3
DA:41,2
DA:44,1
DA:48,2
DA:49,2
DA:50,1
DA:51,4
DA:52,3
LF:16
LH:16
end_of_record
SF:lib/presentation/provider/tv/top_rated_tvs_bloc.dart
DA:14,1
DA:15,1
DA:21,1
DA:23,1
DA:24,1
DA:30,1
DA:32,1
DA:33,1
DA:39,3
DA:40,2
DA:41,2
DA:42,2
DA:43,1
DA:44,4
DA:45,3
LF:15
LH:15
end_of_record
SF:lib/presentation/provider/tv/tv_search_bloc.dart
DA:10,1
DA:11,3
DA:14,3
DA:15,2
DA:16,1
DA:18,2
DA:19,2
DA:21,1
DA:22,1
DA:23,3
DA:25,1
DA:26,2
DA:29,1
LF:13
LH:13
end_of_record
SF:lib/presentation/provider/tv/tv_search_event.dart
DA:5,1
DA:7,0
DA:8,0
DA:14,1
DA:16,0
DA:17,0
LF:6
LH:2
end_of_record
SF:lib/presentation/provider/tv/tv_search_state.dart
DA:5,1
DA:7,1
DA:8,1
DA:18,1
DA:20,1
DA:21,2
DA:27,1
DA:29,1
DA:30,2
LF:9
LH:9
end_of_record
SF:lib/presentation/provider/movie/search_bloc.dart
DA:10,1
DA:11,3
DA:14,3
DA:15,2
DA:16,1
DA:18,2
DA:19,2
DA:21,1
DA:22,1
DA:23,3
DA:25,1
DA:26,2
DA:29,1
LF:13
LH:13
end_of_record
SF:lib/presentation/provider/movie/search_event.dart
DA:6,1
DA:8,0
DA:9,0
DA:15,1
DA:17,0
DA:18,0
LF:6
LH:2
end_of_record
SF:lib/presentation/provider/movie/search_state.dart
DA:6,1
DA:8,1
DA:9,1
DA:19,1
DA:21,1
DA:22,2
DA:28,1
DA:30,1
DA:31,2
LF:9
LH:9
end_of_record
SF:lib/presentation/provider/tv/popular_tvs_bloc.dart
DA:14,1
DA:15,1
DA:21,1
DA:23,1
DA:24,1
DA:30,1
DA:32,1
DA:33,1
DA:39,3
DA:40,2
DA:41,2
DA:42,2
DA:43,1
DA:44,4
DA:45,3
LF:15
LH:15
end_of_record
SF:lib/presentation/provider/tv/tv_list_bloc.dart
DA:20,1
DA:21,1
DA:27,1
DA:29,1
DA:30,1
DA:36,1
DA:38,1
DA:39,1
DA:45,1
DA:47,1
DA:48,1
DA:54,1
DA:56,1
DA:57,1
DA:65,1
DA:69,2
DA:70,2
DA:71,2
DA:72,2
DA:73,1
DA:74,4
DA:75,3
DA:79,2
DA:80,2
DA:81,2
DA:82,1
DA:83,4
DA:84,3
DA:88,2
DA:89,2
DA:90,2
DA:91,1
DA:92,4
DA:93,3
LF:34
LH:34
end_of_record
SF:lib/presentation/provider/tv/watchlist_tv_bloc.dart
DA:14,1
DA:15,1
DA:21,1
DA:23,1
DA:24,1
DA:30,1
DA:32,1
DA:33,1
DA:39,3
DA:40,2
DA:43,1
DA:47,2
DA:48,2
DA:49,1
DA:50,4
DA:51,3
LF:16
LH:16
end_of_record
SF:lib/presentation/provider/tv/tv_detail_bloc.dart
DA:17,1
DA:23,1
DA:29,1
DA:35,1
DA:41,1
DA:42,1
DA:50,1
DA:52,1
DA:53,1
DA:59,1
DA:61,1
DA:62,1
DA:68,1
DA:70,1
DA:71,1
DA:77,0
DA:79,0
DA:80,0
DA:93,1
DA:99,2
DA:100,2
DA:101,2
DA:103,3
DA:105,3
DA:106,3
DA:107,1
DA:108,1
DA:109,2
DA:111,1
DA:112,1
DA:113,0
DA:114,1
DA:115,1
DA:116,1
DA:117,2
DA:124,2
DA:125,4
DA:126,0
DA:127,0
DA:129,1
DA:130,2
DA:131,4
DA:136,2
DA:137,4
DA:138,0
DA:139,0
DA:141,1
DA:142,2
DA:143,4
DA:148,2
DA:149,3
DA:150,4
LF:52
LH:44
end_of_record
SF:lib/presentation/provider/movie/top_rated_movies_bloc.dart
DA:13,1
DA:14,1
DA:20,2
DA:22,1
DA:23,1
DA:29,2
DA:31,1
DA:32,1
DA:39,3
DA:40,2
DA:41,2
DA:42,2
DA:43,1
DA:44,4
DA:45,3
LF:15
LH:15
end_of_record
SF:lib/presentation/provider/movie/movie_list_bloc.dart
DA:20,1
DA:21,1
DA:27,1
DA:29,1
DA:30,1
DA:36,1
DA:38,1
DA:39,1
DA:45,1
DA:47,1
DA:48,1
DA:54,1
DA:56,1
DA:57,1
DA:65,1
DA:69,2
DA:70,2
DA:71,2
DA:72,2
DA:73,1
DA:74,4
DA:75,3
DA:79,2
DA:80,2
DA:81,2
DA:82,1
DA:83,4
DA:84,3
DA:88,2
DA:89,2
DA:90,2
DA:91,1
DA:92,4
DA:93,3
LF:34
LH:34
end_of_record
SF:lib/presentation/pages/movie/popular_movies_page.dart
DA:10,1
DA:11,1
DA:15,1
DA:17,1
DA:18,1
DA:19,5
DA:23,1
DA:25,1
DA:26,1
DA:27,1
DA:29,1
DA:31,1
DA:32,1
DA:33,1
DA:34,1
DA:35,1
DA:37,1
DA:38,1
DA:39,0
DA:40,0
DA:41,0
DA:43,2
DA:45,1
DA:46,1
DA:47,1
DA:48,2
DA:51,0
LF:27
LH:23
end_of_record
SF:lib/presentation/widgets/movie_card_list.dart
DA:11,0
DA:13,0
DA:15,0
DA:17,0
DA:18,0
DA:19,0
DA:22,0
DA:25,0
DA:27,0
DA:28,0
DA:29,0
DA:35,0
DA:37,0
DA:38,0
DA:39,0
DA:42,0
DA:44,0
DA:45,0
DA:46,0
DA:54,0
DA:59,0
DA:60,0
DA:61,0
DA:63,0
DA:64,0
DA:66,0
DA:68,0
LF:27
LH:0
end_of_record
SF:lib/presentation/pages/movie/top_rated_movies_page.dart
DA:10,1
DA:11,1
DA:15,1
DA:17,1
DA:18,1
DA:19,5
DA:23,1
DA:25,1
DA:26,1
DA:27,1
DA:29,1
DA:31,1
DA:32,1
DA:33,1
DA:34,1
DA:35,1
DA:37,1
DA:38,1
DA:39,0
DA:40,0
DA:41,0
DA:43,2
DA:45,1
DA:46,1
DA:47,1
DA:48,2
DA:51,0
LF:27
LH:23
end_of_record
SF:lib/styles/text_styles.dart
DA:8,2
DA:9,1
DA:10,3
DA:12,0
DA:14,0
DA:18,0
DA:19,0
DA:20,0
DA:21,0
DA:22,0
DA:25,0
DA:26,0
LF:12
LH:3
end_of_record
SF:lib/presentation/pages/movie/movie_detail_page.dart
DA:17,1
DA:19,1
DA:20,1
DA:24,1
DA:26,1
DA:27,2
DA:28,6
DA:32,1
DA:34,1
DA:35,1
DA:36,1
DA:37,1
DA:38,0
DA:39,0
DA:41,1
DA:42,1
DA:43,1
DA:44,1
DA:46,1
DA:47,1
DA:50,0
DA:51,0
DA:53,0
DA:66,1
DA:68,1
DA:70,3
DA:71,1
DA:72,1
DA:73,1
DA:74,3
DA:76,2
DA:77,1
DA:79,0
DA:81,1
DA:83,1
DA:84,1
DA:85,1
DA:86,1
DA:88,2
DA:95,1
DA:96,1
DA:97,1
DA:99,1
DA:101,1
DA:103,1
DA:104,1
DA:105,2
DA:106,1
DA:108,1
DA:109,1
DA:110,1
DA:111,0
DA:112,0
DA:113,1
DA:114,0
DA:116,0
DA:117,0
DA:118,0
DA:122,1
DA:123,0
DA:124,0
DA:125,0
DA:126,0
DA:127,0
DA:130,1
DA:132,1
DA:133,1
DA:134,1
DA:135,1
DA:136,1
DA:141,1
DA:142,3
DA:144,1
DA:145,3
DA:147,1
DA:148,1
DA:149,1
DA:150,3
DA:152,2
DA:158,4
DA:161,1
DA:162,1
DA:164,1
DA:166,1
DA:167,2
DA:169,1
DA:170,1
DA:172,1
DA:174,1
DA:179,1
DA:181,1
DA:196,1
DA:198,1
DA:201,1
DA:202,1
DA:203,0
DA:204,0
DA:213,1
DA:214,1
DA:215,1
DA:216,1
DA:217,0
DA:218,0
DA:220,1
DA:221,1
DA:223,1
DA:225,1
DA:226,2
DA:227,1
DA:229,1
DA:230,0
DA:231,0
DA:234,0
DA:237,1
DA:238,1
DA:239,1
DA:241,1
DA:243,2
DA:244,2
DA:245,1
DA:247,0
DA:253,2
DA:256,0
DA:257,0
DA:259,0
DA:265,1
DA:267,2
DA:268,3
DA:271,1
DA:275,3
DA:278,1
DA:279,1
DA:280,1
DA:282,1
DA:283,1
DA:285,0
LF:136
LH:107
end_of_record
